[21:24:37] [main/INFO] (FabricLoader/GameProvider) Loading Minecraft 1.19 with Fabric Loader 0.14.8
[21:24:37] [main/INFO] (FabricLoader) Loading 44 mods:
	- fabric 0.56.0+1.19
	- fabric-api-base 0.4.9+e62f51a3a9
	- fabric-api-lookup-api-v1 1.6.7+9ff28f40a9
	- fabric-biome-api-v1 9.0.13+b2a4a624a9
	- fabric-blockrenderlayer-v1 1.1.18+9ff28f40a9
	- fabric-command-api-v2 2.1.1+cda9839ba9
	- fabric-content-registries-v0 3.1.0+4a3ec384a9
	- fabric-convention-tags-v1 1.0.8+37622d24a9
	- fabric-crash-report-info-v1 0.2.3+bd0a0d4aa9
	- fabric-data-generation-api-v1 5.0.1+2a5b9210a9
	- fabric-dimensions-v1 2.1.27+72da3b3da9
	- fabric-entity-events-v1 1.4.16+9ff28f40a9
	- fabric-events-interaction-v0 0.4.26+9ff28f40a9
	- fabric-game-rule-api-v1 1.0.19+18990361a9
	- fabric-gametest-api-v1 1.0.30+e62f51a3a9
	- fabric-item-api-v1 1.5.4+767db26ea9
	- fabric-item-groups-v0 0.3.23+9ff28f40a9
	- fabric-key-binding-api-v1 1.0.18+9ff28f40a9
	- fabric-lifecycle-events-v1 2.1.0+33fbc738a9
	- fabric-loot-api-v2 1.0.1+9e7660c6a9
	- fabric-message-api-v1 1.0.1+513f4a59a9
	- fabric-mining-level-api-v1 2.1.8+33fbc738a9
	- fabric-models-v0 0.3.15+9ff28f40a9
	- fabric-networking-api-v1 1.0.27+7fe97409a9
	- fabric-object-builder-api-v1 4.0.5+9ff28f40a9
	- fabric-particles-v1 1.0.8+dc39553aa9
	- fabric-registry-sync-v0 0.9.16+92cf9a3ea9
	- fabric-renderer-api-v1 1.0.8+9ff28f40a9
	- fabric-renderer-indigo 0.6.6+9ff28f40a9
	- fabric-rendering-data-attachment-v1 0.3.12+9ff28f40a9
	- fabric-rendering-fluids-v1 3.0.5+9ff28f40a9
	- fabric-rendering-v1 1.10.14+9ff28f40a9
	- fabric-resource-conditions-api-v1 2.0.9+e62f51a3a9
	- fabric-resource-loader-v0 0.5.3+9e7660c6a9
	- fabric-screen-api-v1 1.0.23+9ff28f40a9
	- fabric-screen-handler-api-v1 1.2.6+9ff28f40a9
	- fabric-textures-v0 1.0.18+9ff28f40a9
	- fabric-transfer-api-v1 2.0.9+e62f51a3a9
	- fabric-transitive-access-wideners-v1 1.1.1+9e7660c6a9
	- fabricloader 0.14.8
	- geckolib3 3.1.2
	- java 17
	- minecraft 1.19
	- pacifier 1.0-1.19
[21:24:38] [main/INFO] (FabricLoader/Mixin) SpongePowered MIXIN Subsystem Version=0.8.5 Source=file:/C:/Users/lover/.gradle/caches/modules-2/files-2.1/net.fabricmc/sponge-mixin/0.11.4+mixin.0.8.5/c1dc27696aa4006e492c2485c9ccbcb26045a971/sponge-mixin-0.11.4+mixin.0.8.5.jar Service=Knot/Fabric Env=CLIENT
[21:24:38] [main/INFO] (FabricLoader/Mixin) Loaded Fabric development mappings for mixin remapper!
[21:24:38] [main/INFO] (FabricLoader/Mixin) Compatibility level set to JAVA_16
[21:24:38] [main/INFO] (FabricLoader/Mixin) Compatibility level set to JAVA_17
[21:24:39] [main/WARN] (FileUtil) Configuration conflict: there is more than one oshi.properties file on the classpath
[21:24:39] [main/WARN] (FileUtil) Configuration conflict: there is more than one oshi.architecture.properties file on the classpath
[21:24:41] [main/INFO] (Minecraft) Building optimized datafixer
[21:24:47] [Render thread/INFO] (Minecraft) Environment: authHost='https://authserver.mojang.com', accountsHost='https://api.mojang.com', sessionHost='https://sessionserver.mojang.com', servicesHost='https://api.minecraftservices.com', name='PROD'
[21:24:49] [Render thread/ERROR] (Minecraft) Failed to verify authentication
com.mojang.authlib.exceptions.InvalidCredentialsException: Status: 401
	at com.mojang.authlib.exceptions.MinecraftClientHttpException.toAuthenticationException(MinecraftClientHttpException.java:56) ~[authlib-3.5.41.jar:?]
	at com.mojang.authlib.yggdrasil.YggdrasilUserApiService.fetchProperties(YggdrasilUserApiService.java:140) ~[authlib-3.5.41.jar:?]
	at com.mojang.authlib.yggdrasil.YggdrasilUserApiService.<init>(YggdrasilUserApiService.java:47) ~[authlib-3.5.41.jar:?]
	at com.mojang.authlib.yggdrasil.YggdrasilAuthenticationService.createUserApiService(YggdrasilAuthenticationService.java:158) ~[authlib-3.5.41.jar:?]
	at net.minecraft.client.MinecraftClient.createUserApiService(MinecraftClient.java:677) [minecraft-project-@-merged-named.jar:?]
	at net.minecraft.client.MinecraftClient.<init>(MinecraftClient.java:415) [minecraft-project-@-merged-named.jar:?]
	at net.minecraft.client.main.Main.main(Main.java:198) [minecraft-project-@-merged-named.jar:?]
	at net.fabricmc.loader.impl.game.minecraft.MinecraftGameProvider.launch(MinecraftGameProvider.java:461) [fabric-loader-0.14.8.jar:?]
	at net.fabricmc.loader.impl.launch.knot.Knot.launch(Knot.java:74) [fabric-loader-0.14.8.jar:?]
	at net.fabricmc.loader.impl.launch.knot.KnotClient.main(KnotClient.java:23) [fabric-loader-0.14.8.jar:?]
	at net.fabricmc.devlaunchinjector.Main.main(Main.java:86) [dev-launch-injector-0.2.1+build.8.jar:?]
Caused by: com.mojang.authlib.exceptions.MinecraftClientHttpException: Status: 401
	at com.mojang.authlib.minecraft.client.MinecraftClient.readInputStream(MinecraftClient.java:85) ~[authlib-3.5.41.jar:?]
	at com.mojang.authlib.minecraft.client.MinecraftClient.get(MinecraftClient.java:48) ~[authlib-3.5.41.jar:?]
	at com.mojang.authlib.yggdrasil.YggdrasilUserApiService.fetchProperties(YggdrasilUserApiService.java:121) ~[authlib-3.5.41.jar:?]
	... 9 more
[21:24:50] [Render thread/INFO] (Minecraft) Setting user: Player730
[21:24:50] [Render thread/ERROR] (Minecraft) No data fixer registered for geoexampleentity
[21:24:50] [Render thread/ERROR] (Minecraft) No data fixer registered for bikeentity
[21:24:50] [Render thread/ERROR] (Minecraft) No data fixer registered for extendedrendererentity
[21:24:50] [Render thread/ERROR] (Minecraft) No data fixer registered for leentity
[21:24:50] [Render thread/ERROR] (Minecraft) No data fixer registered for rocketprojectile
[21:24:51] [Render thread/INFO] (Indigo) [Indigo] Registering Indigo renderer!
[21:24:51] [Render thread/INFO] (Minecraft) Backend library: LWJGL version 3.3.1 SNAPSHOT
[21:24:55] [Worker-Bootstrap-10/INFO] (Minecraft) 4256 Datafixer optimizations took 14263 milliseconds
[21:24:56] [Render thread/INFO] (Minecraft) Narrator library for x64 successfully loaded
[21:24:56] [Worker-Main-20/ERROR] (Minecraft) Failed to retrieve profile key pair
java.io.IOException: Could not retrieve profile key pair
	at net.minecraft.client.util.ProfileKeys.fetchKeyPair(ProfileKeys.java:112) ~[minecraft-project-@-merged-named.jar:?]
	at net.minecraft.client.util.ProfileKeys.method_44291(ProfileKeys.java:56) ~[minecraft-project-@-merged-named.jar:?]
	at java.util.concurrent.CompletableFuture$AsyncSupply.run(CompletableFuture.java:1768) [?:?]
	at java.util.concurrent.CompletableFuture$AsyncSupply.exec(CompletableFuture.java:1760) [?:?]
	at java.util.concurrent.ForkJoinTask.doExec(ForkJoinTask.java:373) [?:?]
	at java.util.concurrent.ForkJoinPool$WorkQueue.topLevelExec(ForkJoinPool.java:1182) [?:?]
	at java.util.concurrent.ForkJoinPool.scan(ForkJoinPool.java:1655) [?:?]
	at java.util.concurrent.ForkJoinPool.runWorker(ForkJoinPool.java:1622) [?:?]
	at java.util.concurrent.ForkJoinWorkerThread.run(ForkJoinWorkerThread.java:165) [?:?]
[21:24:56] [Render thread/INFO] (Minecraft) Reloading ResourceManager: Default, Fabric Mods (Fabric Item API (v1), Fabric Entity Events (v1), Fabric Data Generation API (v1), Fabric Convention Tags, Fabric Transitive Access Wideners (v1), Fabric Resource Conditions API (v1), Fabric Lifecycle Events (v1), Fabric Rendering Fluids (v1), Fabric Networking API (v1), Fabric Models (v0), Fabric Crash Report Info (v1), Fabric Dimensions API (v1), Geckolib, Fabric Events Interaction (v0), Fabric Registry Sync (v0), Fabric API, Fabric Renderer API (v1), Fabric BlockRenderLayer Registration (v1), Fabric Game Rule API (v1), Fabric Key Binding API (v1), Fabric Textures (v0), Fabric Biome API (v1), Fabric Object Builder API (v1), Fabric Loader, Fabric Screen API (v1), Fabric Renderer - Indigo, Fabric Loot API (v2), Fabric Screen Handler API (v1), Fabric Content Registries (v0), Fabric Resource Loader (v0), Fabric Particles (v1), Fabric API Lookup API (v1), Fabric Rendering Data Attachment (v1), Fabric Transfer API (v1), Fabric Game Test API (v1), Fabric Mining Level API (v1), Fabric Rendering (v1), Fabric API Base, Fabric Command API (v2), pacifier, Fabric Message API (v1), Fabric Item Groups (v0))
[21:24:57] [Worker-Main-33/WARN] (Minecraft) Unable to load model: 'pacifier:rose_gem_block#inventory' referenced from: pacifier:rose_gem_block#inventory: java.io.FileNotFoundException: pacifier:models/item/rose_gem_block.json
[21:24:57] [Realms Notification Availability checker #1/INFO] (Minecraft) Could not authorize you against Realms server: Invalid session id
[21:24:57] [Render thread/WARN] (Minecraft) Missing sound for event: minecraft:item.goat_horn.play
[21:24:57] [Render thread/WARN] (Minecraft) Missing sound for event: minecraft:entity.goat.screaming.horn_break
[21:24:57] [Render thread/INFO] (Minecraft) OpenAL initialized on device OpenAL Soft on Headset Earphone (Astro MixAmp Pro Voice)
[21:24:57] [Render thread/INFO] (Minecraft) Sound engine started
[21:24:57] [Render thread/INFO] (Minecraft) Created: 1024x1024x4 minecraft:textures/atlas/blocks.png-atlas
[21:24:57] [Render thread/INFO] (Minecraft) Created: 256x128x4 minecraft:textures/atlas/signs.png-atlas
[21:24:57] [Render thread/INFO] (Minecraft) Created: 1024x512x4 minecraft:textures/atlas/banner_patterns.png-atlas
[21:24:57] [Render thread/INFO] (Minecraft) Created: 1024x512x4 minecraft:textures/atlas/shield_patterns.png-atlas
[21:24:57] [Render thread/INFO] (Minecraft) Created: 256x256x4 minecraft:textures/atlas/chest.png-atlas
[21:24:57] [Render thread/INFO] (Minecraft) Created: 512x256x4 minecraft:textures/atlas/beds.png-atlas
[21:24:57] [Render thread/INFO] (Minecraft) Created: 512x256x4 minecraft:textures/atlas/shulker_boxes.png-atlas
[21:24:58] [Render thread/WARN] (Minecraft) Shader rendertype_entity_translucent_emissive could not find sampler named Sampler2 in the specified shader program.
[21:24:58] [Render thread/INFO] (Minecraft) Created: 512x256x0 minecraft:textures/atlas/particles.png-atlas
[21:24:58] [Render thread/INFO] (Minecraft) Created: 256x256x0 minecraft:textures/atlas/paintings.png-atlas
[21:24:58] [Render thread/INFO] (Minecraft) Created: 256x128x0 minecraft:textures/atlas/mob_effects.png-atlas
[21:25:03] [Render thread/INFO] (Minecraft) Loaded 7 recipes
[21:25:03] [Render thread/INFO] (Minecraft) Loaded 1179 advancements
[21:25:04] [Render thread/INFO] (BiomeModificationImpl) Applied 0 biome modifications to 0 of 63 new biomes in 2.017 ms
[21:25:04] [Server thread/INFO] (Minecraft) Starting integrated minecraft server version 1.19
[21:25:04] [Server thread/INFO] (Minecraft) Generating keypair
[21:25:04] [Server thread/INFO] (Minecraft) Preparing start region for dimension minecraft:overworld
[21:25:05] [Render thread/INFO] (Minecraft) Preparing spawn area: 0%
[21:25:05] [Render thread/INFO] (Minecraft) Preparing spawn area: 0%
[21:25:05] [Render thread/INFO] (Minecraft) Preparing spawn area: 0%
[21:25:05] [Render thread/INFO] (Minecraft) Preparing spawn area: 0%
[21:25:06] [Render thread/INFO] (Minecraft) Preparing spawn area: 91%
[21:25:06] [Render thread/INFO] (Minecraft) Time elapsed: 2027 ms
[21:25:06] [Server thread/INFO] (Minecraft) Changing view distance to 12, from 10
[21:25:06] [Server thread/INFO] (Minecraft) Changing simulation distance to 12, from 0
[21:25:07] [Server thread/INFO] (Minecraft) Player730[local:E:add6679c] logged in with entity id 480 at (163.65244610696615, 52.03863192454859, -312.1234910441535)
[21:25:07] [Server thread/INFO] (Minecraft) Player730 joined the game
[21:25:08] [Render thread/INFO] (Minecraft) Loaded 9 advancements
[21:25:34] [Server thread/INFO] (Minecraft) Player730 has made the advancement [Best Friends Forever]
[21:25:34] [Render thread/INFO] (Minecraft) [CHAT] Player730 has made the advancement [Best Friends Forever]
[21:25:34] [Render thread/INFO] (Minecraft) Loaded 12 advancements
[21:26:35] [Server thread/INFO] (Minecraft) Saving and pausing game...
[21:26:35] [Server thread/INFO] (Minecraft) Saving chunks for level 'ServerLevel[New World]'/minecraft:overworld
[21:26:35] [Server thread/INFO] (Minecraft) Saving chunks for level 'ServerLevel[New World]'/minecraft:the_end
[21:26:35] [Server thread/INFO] (Minecraft) Saving chunks for level 'ServerLevel[New World]'/minecraft:the_nether
[21:27:27] [Server thread/INFO] (Minecraft) Saving and pausing game...
[21:27:27] [Server thread/INFO] (Minecraft) Saving chunks for level 'ServerLevel[New World]'/minecraft:overworld
[21:27:27] [Server thread/INFO] (Minecraft) Saving chunks for level 'ServerLevel[New World]'/minecraft:the_end
[21:27:27] [Server thread/INFO] (Minecraft) Saving chunks for level 'ServerLevel[New World]'/minecraft:the_nether
[21:27:38] [IO-Worker-40/INFO] (Minecraft) System default audio device has changed!
[21:27:38] [Render thread/WARN] (Minecraft) Missing sound for event: minecraft:item.goat_horn.play
[21:27:38] [Render thread/WARN] (Minecraft) Missing sound for event: minecraft:entity.goat.screaming.horn_break
[21:27:38] [Render thread/INFO] (Minecraft) OpenAL initialized on device OpenAL Soft on 3 - Acer XF270H B (AMD High Definition Audio Device)
[21:27:38] [Render thread/INFO] (Minecraft) Sound engine started
[21:31:09] [IO-Worker-40/INFO] (Minecraft) System default audio device has changed!
[21:31:09] [Render thread/WARN] (Minecraft) Missing sound for event: minecraft:item.goat_horn.play
[21:31:09] [Render thread/WARN] (Minecraft) Missing sound for event: minecraft:entity.goat.screaming.horn_break
[21:31:09] [Render thread/INFO] (Minecraft) OpenAL initialized on device OpenAL Soft on Headset Earphone (Astro MixAmp Pro Voice)
[21:31:09] [Render thread/INFO] (Minecraft) Sound engine started
[21:32:57] [Server thread/INFO] (Minecraft) Player730 has made the advancement [Sweet Dreams]
[21:32:57] [Render thread/INFO] (Minecraft) [CHAT] Respawn point set
[21:32:57] [Render thread/INFO] (Minecraft) [CHAT] Player730 has made the advancement [Sweet Dreams]
[21:32:57] [Render thread/INFO] (Minecraft) Loaded 17 advancements
[21:33:24] [Server thread/INFO] (Minecraft) Saving and pausing game...
[21:33:24] [Server thread/INFO] (Minecraft) Saving chunks for level 'ServerLevel[New World]'/minecraft:overworld
[21:33:24] [Server thread/INFO] (Minecraft) Saving chunks for level 'ServerLevel[New World]'/minecraft:the_end
[21:33:24] [Server thread/INFO] (Minecraft) Saving chunks for level 'ServerLevel[New World]'/minecraft:the_nether
[21:33:29] [Server thread/INFO] (Minecraft) Saving and pausing game...
[21:33:29] [Server thread/INFO] (Minecraft) Saving chunks for level 'ServerLevel[New World]'/minecraft:overworld
[21:33:29] [Server thread/INFO] (Minecraft) Saving chunks for level 'ServerLevel[New World]'/minecraft:the_end
[21:33:29] [Server thread/INFO] (Minecraft) Saving chunks for level 'ServerLevel[New World]'/minecraft:the_nether
[21:33:35] [IO-Worker-44/INFO] (Minecraft) System default audio device has changed!
[21:33:35] [Render thread/WARN] (Minecraft) Missing sound for event: minecraft:item.goat_horn.play
[21:33:35] [Render thread/WARN] (Minecraft) Missing sound for event: minecraft:entity.goat.screaming.horn_break
[21:33:35] [Render thread/INFO] (Minecraft) OpenAL initialized on device OpenAL Soft on 3 - Acer XF270H B (AMD High Definition Audio Device)
[21:33:35] [Render thread/INFO] (Minecraft) Sound engine started
[21:36:02] [Render thread/INFO] (Minecraft) [CHAT] entity.pacifier.frenchie was slain by entity.pacifier.frenchie
[21:37:03] [Server thread/INFO] (Minecraft) Saving and pausing game...
[21:37:03] [Server thread/INFO] (Minecraft) Saving chunks for level 'ServerLevel[New World]'/minecraft:overworld
[21:37:03] [Server thread/INFO] (Minecraft) Saving chunks for level 'ServerLevel[New World]'/minecraft:the_end
[21:37:03] [Server thread/INFO] (Minecraft) Saving chunks for level 'ServerLevel[New World]'/minecraft:the_nether
[21:39:34] [IO-Worker-52/INFO] (Minecraft) System default audio device has changed!
[21:39:34] [Render thread/WARN] (Minecraft) Missing sound for event: minecraft:item.goat_horn.play
[21:39:34] [Render thread/WARN] (Minecraft) Missing sound for event: minecraft:entity.goat.screaming.horn_break
[21:39:34] [Render thread/INFO] (Minecraft) OpenAL initialized on device OpenAL Soft on Headset Earphone (Astro MixAmp Pro Voice)
[21:39:34] [Render thread/INFO] (Minecraft) Sound engine started
